<?xml version="1.0" encoding="UTF-8"?>
<!-- Generated by org.testng.reporters.JUnitReportReporter -->
<testsuite ignored="0" hostname="Escon" failures="0" tests="1" name="PruebaSelenium.NewTest" time="3.376" errors="0" timestamp="30 sept 2023 16:32:34 GMT" skipped="0">
  <testcase classname="PruebaSelenium.NewTest" name="f" time="3.376"/>
</testsuite> <!-- PruebaSelenium.NewTest -->
